TimeQuest Timing Analyzer report for final_project_EEL5105
Sat Nov 10 18:15:30 2018
Quartus II 64-Bit Version 13.0.1 Build 232 06/12/2013 Service Pack 1 SJ Web Edition


---------------------
; Table of Contents ;
---------------------
  1. Legal Notice
  2. TimeQuest Timing Analyzer Summary
  3. Parallel Compilation
  4. Clocks
  5. Slow 1100mV 85C Model Fmax Summary
  6. Timing Closure Recommendations
  7. Slow 1100mV 85C Model Setup Summary
  8. Slow 1100mV 85C Model Hold Summary
  9. Slow 1100mV 85C Model Recovery Summary
 10. Slow 1100mV 85C Model Removal Summary
 11. Slow 1100mV 85C Model Minimum Pulse Width Summary
 12. Setup Times
 13. Hold Times
 14. Clock to Output Times
 15. Minimum Clock to Output Times
 16. Slow 1100mV 85C Model Metastability Report
 17. Slow 1100mV 0C Model Fmax Summary
 18. Slow 1100mV 0C Model Setup Summary
 19. Slow 1100mV 0C Model Hold Summary
 20. Slow 1100mV 0C Model Recovery Summary
 21. Slow 1100mV 0C Model Removal Summary
 22. Slow 1100mV 0C Model Minimum Pulse Width Summary
 23. Setup Times
 24. Hold Times
 25. Clock to Output Times
 26. Minimum Clock to Output Times
 27. Slow 1100mV 0C Model Metastability Report
 28. Fast 1100mV 85C Model Setup Summary
 29. Fast 1100mV 85C Model Hold Summary
 30. Fast 1100mV 85C Model Recovery Summary
 31. Fast 1100mV 85C Model Removal Summary
 32. Fast 1100mV 85C Model Minimum Pulse Width Summary
 33. Setup Times
 34. Hold Times
 35. Clock to Output Times
 36. Minimum Clock to Output Times
 37. Fast 1100mV 85C Model Metastability Report
 38. Fast 1100mV 0C Model Setup Summary
 39. Fast 1100mV 0C Model Hold Summary
 40. Fast 1100mV 0C Model Recovery Summary
 41. Fast 1100mV 0C Model Removal Summary
 42. Fast 1100mV 0C Model Minimum Pulse Width Summary
 43. Setup Times
 44. Hold Times
 45. Clock to Output Times
 46. Minimum Clock to Output Times
 47. Fast 1100mV 0C Model Metastability Report
 48. Multicorner Timing Analysis Summary
 49. Setup Times
 50. Hold Times
 51. Clock to Output Times
 52. Minimum Clock to Output Times
 53. Board Trace Model Assignments
 54. Input Transition Times
 55. Signal Integrity Metrics (Slow 1100mv 0c Model)
 56. Signal Integrity Metrics (Slow 1100mv 85c Model)
 57. Signal Integrity Metrics (Fast 1100mv 0c Model)
 58. Signal Integrity Metrics (Fast 1100mv 85c Model)
 59. Setup Transfers
 60. Hold Transfers
 61. Recovery Transfers
 62. Removal Transfers
 63. Report TCCS
 64. Report RSKM
 65. Unconstrained Paths
 66. TimeQuest Timing Analyzer Messages



----------------
; Legal Notice ;
----------------
Copyright (C) 1991-2013 Altera Corporation
Your use of Altera Corporation's design tools, logic functions 
and other software and tools, and its AMPP partner logic 
functions, and any output files from any of the foregoing 
(including device programming or simulation files), and any 
associated documentation or information are expressly subject 
to the terms and conditions of the Altera Program License 
Subscription Agreement, Altera MegaCore Function License 
Agreement, or other applicable license agreement, including, 
without limitation, that your use is for the sole purpose of 
programming logic devices manufactured by Altera and sold by 
Altera or its authorized distributors.  Please refer to the 
applicable agreement for further details.



+----------------------------------------------------------------------------------------+
; TimeQuest Timing Analyzer Summary                                                      ;
+--------------------+-------------------------------------------------------------------+
; Quartus II Version ; Version 13.0.1 Build 232 06/12/2013 Service Pack 1 SJ Web Edition ;
; Revision Name      ; final_project_EEL5105                                             ;
; Device Family      ; Cyclone V                                                         ;
; Device Name        ; 5CSEMA5F31C6                                                      ;
; Timing Models      ; Preliminary                                                       ;
; Delay Model        ; Combined                                                          ;
; Rise/Fall Delays   ; Enabled                                                           ;
+--------------------+-------------------------------------------------------------------+


Parallel compilation was disabled, but you have multiple processors available. Enable parallel compilation to reduce compilation time.
+-------------------------------------+
; Parallel Compilation                ;
+----------------------------+--------+
; Processors                 ; Number ;
+----------------------------+--------+
; Number detected on machine ; 4      ;
; Maximum allowed            ; 1      ;
+----------------------------+--------+


+------------------------------------------------------------------------------------------------------------------------------------------------------------------------------------+
; Clocks                                                                                                                                                                             ;
+------------+------+--------+------------+-------+-------+------------+-----------+-------------+-------+--------+-----------+------------+----------+--------+--------+------------+
; Clock Name ; Type ; Period ; Frequency  ; Rise  ; Fall  ; Duty Cycle ; Divide by ; Multiply by ; Phase ; Offset ; Edge List ; Edge Shift ; Inverted ; Master ; Source ; Targets    ;
+------------+------+--------+------------+-------+-------+------------+-----------+-------------+-------+--------+-----------+------------+----------+--------+--------+------------+
; BTN[0]     ; Base ; 1.000  ; 1000.0 MHz ; 0.000 ; 0.500 ;            ;           ;             ;       ;        ;           ;            ;          ;        ;        ; { BTN[0] } ;
; clock      ; Base ; 1.000  ; 1000.0 MHz ; 0.000 ; 0.500 ;            ;           ;             ;       ;        ;           ;            ;          ;        ;        ; { clock }  ;
+------------+------+--------+------------+-------+-------+------------+-----------+-------------+-------+--------+-----------+------------+----------+--------+--------+------------+


+--------------------------------------------------+
; Slow 1100mV 85C Model Fmax Summary               ;
+------------+-----------------+------------+------+
; Fmax       ; Restricted Fmax ; Clock Name ; Note ;
+------------+-----------------+------------+------+
; 341.76 MHz ; 341.76 MHz      ; BTN[0]     ;      ;
+------------+-----------------+------------+------+
This panel reports FMAX for every clock in the design, regardless of the user-specified clock periods.  FMAX is only computed for paths where the source and destination registers or ports are driven by the same clock.  Paths of different clocks, including generated clocks, are ignored.  For paths between a clock and its inversion, FMAX is computed as if the rising and falling edges are scaled along with FMAX, such that the duty cycle (in terms of a percentage) is maintained. Altera recommends that you always use clock constraints and other slack reports for sign-off analysis.


----------------------------------
; Timing Closure Recommendations ;
----------------------------------
HTML report is unavailable in plain text report export.


+-------------------------------------+
; Slow 1100mV 85C Model Setup Summary ;
+--------+--------+-------------------+
; Clock  ; Slack  ; End Point TNS     ;
+--------+--------+-------------------+
; BTN[0] ; -1.709 ; -9.863            ;
; clock  ; -0.200 ; -0.373            ;
+--------+--------+-------------------+


+------------------------------------+
; Slow 1100mV 85C Model Hold Summary ;
+--------+--------+------------------+
; Clock  ; Slack  ; End Point TNS    ;
+--------+--------+------------------+
; BTN[0] ; -1.071 ; -6.141           ;
; clock  ; -0.544 ; -2.159           ;
+--------+--------+------------------+


+----------------------------------------+
; Slow 1100mV 85C Model Recovery Summary ;
+-------+-------+------------------------+
; Clock ; Slack ; End Point TNS          ;
+-------+-------+------------------------+
; clock ; 0.011 ; 0.000                  ;
+-------+-------+------------------------+


+---------------------------------------+
; Slow 1100mV 85C Model Removal Summary ;
+-------+--------+----------------------+
; Clock ; Slack  ; End Point TNS        ;
+-------+--------+----------------------+
; clock ; -0.639 ; -3.814               ;
+-------+--------+----------------------+


+---------------------------------------------------+
; Slow 1100mV 85C Model Minimum Pulse Width Summary ;
+--------+--------+---------------------------------+
; Clock  ; Slack  ; End Point TNS                   ;
+--------+--------+---------------------------------+
; clock  ; -0.394 ; -3.072                          ;
; BTN[0] ; 0.179  ; 0.000                           ;
+--------+--------+---------------------------------+


+-----------------------------------------------------------------------+
; Setup Times                                                           ;
+-----------+------------+-------+-------+------------+-----------------+
; Data Port ; Clock Port ; Rise  ; Fall  ; Clock Edge ; Clock Reference ;
+-----------+------------+-------+-------+------------+-----------------+
; BTN[*]    ; BTN[0]     ; 1.540 ; 1.870 ; Rise       ; BTN[0]          ;
;  BTN[0]   ; BTN[0]     ; 1.085 ; 1.383 ; Rise       ; BTN[0]          ;
;  BTN[1]   ; BTN[0]     ; 1.540 ; 1.870 ; Rise       ; BTN[0]          ;
;  BTN[2]   ; BTN[0]     ; 1.331 ; 1.682 ; Rise       ; BTN[0]          ;
; end_game  ; BTN[0]     ; 1.946 ; 2.220 ; Rise       ; BTN[0]          ;
; end_round ; BTN[0]     ; 1.517 ; 1.831 ; Rise       ; BTN[0]          ;
; end_time  ; BTN[0]     ; 1.364 ; 1.717 ; Rise       ; BTN[0]          ;
; sw_error  ; BTN[0]     ; 1.851 ; 2.202 ; Rise       ; BTN[0]          ;
+-----------+------------+-------+-------+------------+-----------------+


+-----------------------------------------------------------------------+
; Hold Times                                                            ;
+-----------+------------+-------+-------+------------+-----------------+
; Data Port ; Clock Port ; Rise  ; Fall  ; Clock Edge ; Clock Reference ;
+-----------+------------+-------+-------+------------+-----------------+
; BTN[*]    ; BTN[0]     ; 1.071 ; 0.808 ; Rise       ; BTN[0]          ;
;  BTN[0]   ; BTN[0]     ; 1.071 ; 0.808 ; Rise       ; BTN[0]          ;
;  BTN[1]   ; BTN[0]     ; 0.702 ; 0.362 ; Rise       ; BTN[0]          ;
;  BTN[2]   ; BTN[0]     ; 0.857 ; 0.579 ; Rise       ; BTN[0]          ;
; end_game  ; BTN[0]     ; 0.998 ; 0.741 ; Rise       ; BTN[0]          ;
; end_round ; BTN[0]     ; 0.947 ; 0.676 ; Rise       ; BTN[0]          ;
; end_time  ; BTN[0]     ; 0.890 ; 0.592 ; Rise       ; BTN[0]          ;
; sw_error  ; BTN[0]     ; 0.960 ; 0.654 ; Rise       ; BTN[0]          ;
+-----------+------------+-------+-------+------------+-----------------+


+------------------------------------------------------------------------+
; Clock to Output Times                                                  ;
+-----------+------------+-------+--------+------------+-----------------+
; Data Port ; Clock Port ; Rise  ; Fall   ; Clock Edge ; Clock Reference ;
+-----------+------------+-------+--------+------------+-----------------+
; E[*]      ; clock      ; 9.958 ; 10.129 ; Rise       ; clock           ;
;  E[0]     ; clock      ; 9.947 ; 10.129 ; Rise       ; clock           ;
;  E[1]     ; clock      ; 8.150 ; 7.911  ; Rise       ; clock           ;
;  E[2]     ; clock      ; 9.958 ; 9.921  ; Rise       ; clock           ;
;  E[3]     ; clock      ; 7.909 ; 8.118  ; Rise       ; clock           ;
;  E[4]     ; clock      ; 9.574 ; 9.797  ; Rise       ; clock           ;
; R[*]      ; clock      ; 9.305 ; 9.169  ; Rise       ; clock           ;
;  R[0]     ; clock      ; 9.305 ; 9.169  ; Rise       ; clock           ;
;  R[1]     ; clock      ; 9.077 ; 8.990  ; Rise       ; clock           ;
; SEL[*]    ; clock      ; 9.993 ; 9.838  ; Rise       ; clock           ;
;  SEL[0]   ; clock      ; 9.993 ; 9.838  ; Rise       ; clock           ;
;  SEL[1]   ; clock      ; 9.264 ; 9.427  ; Rise       ; clock           ;
+-----------+------------+-------+--------+------------+-----------------+


+-----------------------------------------------------------------------+
; Minimum Clock to Output Times                                         ;
+-----------+------------+-------+-------+------------+-----------------+
; Data Port ; Clock Port ; Rise  ; Fall  ; Clock Edge ; Clock Reference ;
+-----------+------------+-------+-------+------------+-----------------+
; E[*]      ; clock      ; 7.428 ; 7.435 ; Rise       ; clock           ;
;  E[0]     ; clock      ; 7.979 ; 8.043 ; Rise       ; clock           ;
;  E[1]     ; clock      ; 7.616 ; 7.435 ; Rise       ; clock           ;
;  E[2]     ; clock      ; 8.140 ; 8.110 ; Rise       ; clock           ;
;  E[3]     ; clock      ; 7.428 ; 7.616 ; Rise       ; clock           ;
;  E[4]     ; clock      ; 7.965 ; 7.990 ; Rise       ; clock           ;
; R[*]      ; clock      ; 7.629 ; 7.547 ; Rise       ; clock           ;
;  R[0]     ; clock      ; 7.815 ; 7.704 ; Rise       ; clock           ;
;  R[1]     ; clock      ; 7.629 ; 7.547 ; Rise       ; clock           ;
; SEL[*]    ; clock      ; 7.785 ; 7.905 ; Rise       ; clock           ;
;  SEL[0]   ; clock      ; 8.134 ; 8.008 ; Rise       ; clock           ;
;  SEL[1]   ; clock      ; 7.785 ; 7.905 ; Rise       ; clock           ;
+-----------+------------+-------+-------+------------+-----------------+


----------------------------------------------
; Slow 1100mV 85C Model Metastability Report ;
----------------------------------------------
No synchronizer chains to report.


+--------------------------------------------------+
; Slow 1100mV 0C Model Fmax Summary                ;
+------------+-----------------+------------+------+
; Fmax       ; Restricted Fmax ; Clock Name ; Note ;
+------------+-----------------+------------+------+
; 344.83 MHz ; 344.83 MHz      ; BTN[0]     ;      ;
+------------+-----------------+------------+------+
This panel reports FMAX for every clock in the design, regardless of the user-specified clock periods.  FMAX is only computed for paths where the source and destination registers or ports are driven by the same clock.  Paths of different clocks, including generated clocks, are ignored.  For paths between a clock and its inversion, FMAX is computed as if the rising and falling edges are scaled along with FMAX, such that the duty cycle (in terms of a percentage) is maintained. Altera recommends that you always use clock constraints and other slack reports for sign-off analysis.


+------------------------------------+
; Slow 1100mV 0C Model Setup Summary ;
+--------+--------+------------------+
; Clock  ; Slack  ; End Point TNS    ;
+--------+--------+------------------+
; BTN[0] ; -1.787 ; -10.461          ;
; clock  ; -0.113 ; -0.189           ;
+--------+--------+------------------+


+-----------------------------------+
; Slow 1100mV 0C Model Hold Summary ;
+--------+--------+-----------------+
; Clock  ; Slack  ; End Point TNS   ;
+--------+--------+-----------------+
; BTN[0] ; -1.113 ; -6.298          ;
; clock  ; -0.617 ; -2.709          ;
+--------+--------+-----------------+


+---------------------------------------+
; Slow 1100mV 0C Model Recovery Summary ;
+-------+-------+-----------------------+
; Clock ; Slack ; End Point TNS         ;
+-------+-------+-----------------------+
; clock ; 0.175 ; 0.000                 ;
+-------+-------+-----------------------+


+--------------------------------------+
; Slow 1100mV 0C Model Removal Summary ;
+-------+--------+---------------------+
; Clock ; Slack  ; End Point TNS       ;
+-------+--------+---------------------+
; clock ; -0.762 ; -4.547              ;
+-------+--------+---------------------+


+--------------------------------------------------+
; Slow 1100mV 0C Model Minimum Pulse Width Summary ;
+--------+--------+--------------------------------+
; Clock  ; Slack  ; End Point TNS                  ;
+--------+--------+--------------------------------+
; clock  ; -0.394 ; -3.326                         ;
; BTN[0] ; 0.184  ; 0.000                          ;
+--------+--------+--------------------------------+


+-----------------------------------------------------------------------+
; Setup Times                                                           ;
+-----------+------------+-------+-------+------------+-----------------+
; Data Port ; Clock Port ; Rise  ; Fall  ; Clock Edge ; Clock Reference ;
+-----------+------------+-------+-------+------------+-----------------+
; BTN[*]    ; BTN[0]     ; 1.560 ; 1.868 ; Rise       ; BTN[0]          ;
;  BTN[0]   ; BTN[0]     ; 1.095 ; 1.370 ; Rise       ; BTN[0]          ;
;  BTN[1]   ; BTN[0]     ; 1.560 ; 1.868 ; Rise       ; BTN[0]          ;
;  BTN[2]   ; BTN[0]     ; 1.343 ; 1.701 ; Rise       ; BTN[0]          ;
; end_game  ; BTN[0]     ; 1.911 ; 2.161 ; Rise       ; BTN[0]          ;
; end_round ; BTN[0]     ; 1.454 ; 1.754 ; Rise       ; BTN[0]          ;
; end_time  ; BTN[0]     ; 1.345 ; 1.668 ; Rise       ; BTN[0]          ;
; sw_error  ; BTN[0]     ; 1.792 ; 2.086 ; Rise       ; BTN[0]          ;
+-----------+------------+-------+-------+------------+-----------------+


+-----------------------------------------------------------------------+
; Hold Times                                                            ;
+-----------+------------+-------+-------+------------+-----------------+
; Data Port ; Clock Port ; Rise  ; Fall  ; Clock Edge ; Clock Reference ;
+-----------+------------+-------+-------+------------+-----------------+
; BTN[*]    ; BTN[0]     ; 1.113 ; 0.872 ; Rise       ; BTN[0]          ;
;  BTN[0]   ; BTN[0]     ; 1.113 ; 0.872 ; Rise       ; BTN[0]          ;
;  BTN[1]   ; BTN[0]     ; 0.738 ; 0.407 ; Rise       ; BTN[0]          ;
;  BTN[2]   ; BTN[0]     ; 0.889 ; 0.625 ; Rise       ; BTN[0]          ;
; end_game  ; BTN[0]     ; 1.041 ; 0.777 ; Rise       ; BTN[0]          ;
; end_round ; BTN[0]     ; 0.994 ; 0.705 ; Rise       ; BTN[0]          ;
; end_time  ; BTN[0]     ; 0.914 ; 0.608 ; Rise       ; BTN[0]          ;
; sw_error  ; BTN[0]     ; 1.026 ; 0.706 ; Rise       ; BTN[0]          ;
+-----------+------------+-------+-------+------------+-----------------+


+-----------------------------------------------------------------------+
; Clock to Output Times                                                 ;
+-----------+------------+-------+-------+------------+-----------------+
; Data Port ; Clock Port ; Rise  ; Fall  ; Clock Edge ; Clock Reference ;
+-----------+------------+-------+-------+------------+-----------------+
; E[*]      ; clock      ; 9.795 ; 9.963 ; Rise       ; clock           ;
;  E[0]     ; clock      ; 9.739 ; 9.963 ; Rise       ; clock           ;
;  E[1]     ; clock      ; 8.027 ; 7.740 ; Rise       ; clock           ;
;  E[2]     ; clock      ; 9.795 ; 9.746 ; Rise       ; clock           ;
;  E[3]     ; clock      ; 7.759 ; 7.945 ; Rise       ; clock           ;
;  E[4]     ; clock      ; 9.392 ; 9.587 ; Rise       ; clock           ;
; R[*]      ; clock      ; 9.126 ; 8.968 ; Rise       ; clock           ;
;  R[0]     ; clock      ; 9.126 ; 8.968 ; Rise       ; clock           ;
;  R[1]     ; clock      ; 8.908 ; 8.798 ; Rise       ; clock           ;
; SEL[*]    ; clock      ; 9.851 ; 9.676 ; Rise       ; clock           ;
;  SEL[0]   ; clock      ; 9.851 ; 9.676 ; Rise       ; clock           ;
;  SEL[1]   ; clock      ; 9.046 ; 9.238 ; Rise       ; clock           ;
+-----------+------------+-------+-------+------------+-----------------+


+-----------------------------------------------------------------------+
; Minimum Clock to Output Times                                         ;
+-----------+------------+-------+-------+------------+-----------------+
; Data Port ; Clock Port ; Rise  ; Fall  ; Clock Edge ; Clock Reference ;
+-----------+------------+-------+-------+------------+-----------------+
; E[*]      ; clock      ; 7.300 ; 7.301 ; Rise       ; clock           ;
;  E[0]     ; clock      ; 7.810 ; 7.912 ; Rise       ; clock           ;
;  E[1]     ; clock      ; 7.480 ; 7.301 ; Rise       ; clock           ;
;  E[2]     ; clock      ; 8.017 ; 7.924 ; Rise       ; clock           ;
;  E[3]     ; clock      ; 7.300 ; 7.485 ; Rise       ; clock           ;
;  E[4]     ; clock      ; 7.865 ; 7.886 ; Rise       ; clock           ;
; R[*]      ; clock      ; 7.512 ; 7.403 ; Rise       ; clock           ;
;  R[0]     ; clock      ; 7.696 ; 7.552 ; Rise       ; clock           ;
;  R[1]     ; clock      ; 7.512 ; 7.403 ; Rise       ; clock           ;
; SEL[*]    ; clock      ; 7.618 ; 7.784 ; Rise       ; clock           ;
;  SEL[0]   ; clock      ; 7.993 ; 7.870 ; Rise       ; clock           ;
;  SEL[1]   ; clock      ; 7.618 ; 7.784 ; Rise       ; clock           ;
+-----------+------------+-------+-------+------------+-----------------+


---------------------------------------------
; Slow 1100mV 0C Model Metastability Report ;
---------------------------------------------
No synchronizer chains to report.


+-------------------------------------+
; Fast 1100mV 85C Model Setup Summary ;
+--------+--------+-------------------+
; Clock  ; Slack  ; End Point TNS     ;
+--------+--------+-------------------+
; BTN[0] ; -0.696 ; -3.871            ;
; clock  ; 0.355  ; 0.000             ;
+--------+--------+-------------------+


+------------------------------------+
; Fast 1100mV 85C Model Hold Summary ;
+--------+--------+------------------+
; Clock  ; Slack  ; End Point TNS    ;
+--------+--------+------------------+
; BTN[0] ; -0.550 ; -3.125           ;
; clock  ; -0.373 ; -1.554           ;
+--------+--------+------------------+


+----------------------------------------+
; Fast 1100mV 85C Model Recovery Summary ;
+-------+--------+-----------------------+
; Clock ; Slack  ; End Point TNS         ;
+-------+--------+-----------------------+
; clock ; -0.139 ; -0.833                ;
+-------+--------+-----------------------+


+---------------------------------------+
; Fast 1100mV 85C Model Removal Summary ;
+-------+--------+----------------------+
; Clock ; Slack  ; End Point TNS        ;
+-------+--------+----------------------+
; clock ; -0.409 ; -2.449               ;
+-------+--------+----------------------+


+---------------------------------------------------+
; Fast 1100mV 85C Model Minimum Pulse Width Summary ;
+--------+--------+---------------------------------+
; Clock  ; Slack  ; End Point TNS                   ;
+--------+--------+---------------------------------+
; clock  ; -0.082 ; -0.491                          ;
; BTN[0] ; -0.043 ; -0.099                          ;
+--------+--------+---------------------------------+


+-----------------------------------------------------------------------+
; Setup Times                                                           ;
+-----------+------------+-------+-------+------------+-----------------+
; Data Port ; Clock Port ; Rise  ; Fall  ; Clock Edge ; Clock Reference ;
+-----------+------------+-------+-------+------------+-----------------+
; BTN[*]    ; BTN[0]     ; 0.875 ; 1.414 ; Rise       ; BTN[0]          ;
;  BTN[0]   ; BTN[0]     ; 0.569 ; 1.116 ; Rise       ; BTN[0]          ;
;  BTN[1]   ; BTN[0]     ; 0.875 ; 1.414 ; Rise       ; BTN[0]          ;
;  BTN[2]   ; BTN[0]     ; 0.657 ; 1.189 ; Rise       ; BTN[0]          ;
; end_game  ; BTN[0]     ; 1.010 ; 1.510 ; Rise       ; BTN[0]          ;
; end_round ; BTN[0]     ; 0.799 ; 1.306 ; Rise       ; BTN[0]          ;
; end_time  ; BTN[0]     ; 0.759 ; 1.308 ; Rise       ; BTN[0]          ;
; sw_error  ; BTN[0]     ; 1.010 ; 1.545 ; Rise       ; BTN[0]          ;
+-----------+------------+-------+-------+------------+-----------------+


+------------------------------------------------------------------------+
; Hold Times                                                             ;
+-----------+------------+-------+--------+------------+-----------------+
; Data Port ; Clock Port ; Rise  ; Fall   ; Clock Edge ; Clock Reference ;
+-----------+------------+-------+--------+------------+-----------------+
; BTN[*]    ; BTN[0]     ; 0.550 ; 0.033  ; Rise       ; BTN[0]          ;
;  BTN[0]   ; BTN[0]     ; 0.550 ; 0.033  ; Rise       ; BTN[0]          ;
;  BTN[1]   ; BTN[0]     ; 0.311 ; -0.236 ; Rise       ; BTN[0]          ;
;  BTN[2]   ; BTN[0]     ; 0.477 ; -0.022 ; Rise       ; BTN[0]          ;
; end_game  ; BTN[0]     ; 0.529 ; 0.063  ; Rise       ; BTN[0]          ;
; end_round ; BTN[0]     ; 0.500 ; 0.020  ; Rise       ; BTN[0]          ;
; end_time  ; BTN[0]     ; 0.428 ; -0.086 ; Rise       ; BTN[0]          ;
; sw_error  ; BTN[0]     ; 0.463 ; -0.052 ; Rise       ; BTN[0]          ;
+-----------+------------+-------+--------+------------+-----------------+


+-----------------------------------------------------------------------+
; Clock to Output Times                                                 ;
+-----------+------------+-------+-------+------------+-----------------+
; Data Port ; Clock Port ; Rise  ; Fall  ; Clock Edge ; Clock Reference ;
+-----------+------------+-------+-------+------------+-----------------+
; E[*]      ; clock      ; 5.823 ; 5.940 ; Rise       ; clock           ;
;  E[0]     ; clock      ; 5.709 ; 5.940 ; Rise       ; clock           ;
;  E[1]     ; clock      ; 4.852 ; 4.690 ; Rise       ; clock           ;
;  E[2]     ; clock      ; 5.823 ; 5.681 ; Rise       ; clock           ;
;  E[3]     ; clock      ; 4.660 ; 4.890 ; Rise       ; clock           ;
;  E[4]     ; clock      ; 5.558 ; 5.770 ; Rise       ; clock           ;
; R[*]      ; clock      ; 5.507 ; 5.320 ; Rise       ; clock           ;
;  R[0]     ; clock      ; 5.507 ; 5.320 ; Rise       ; clock           ;
;  R[1]     ; clock      ; 5.361 ; 5.225 ; Rise       ; clock           ;
; SEL[*]    ; clock      ; 5.863 ; 5.676 ; Rise       ; clock           ;
;  SEL[0]   ; clock      ; 5.863 ; 5.676 ; Rise       ; clock           ;
;  SEL[1]   ; clock      ; 5.376 ; 5.590 ; Rise       ; clock           ;
+-----------+------------+-------+-------+------------+-----------------+


+-----------------------------------------------------------------------+
; Minimum Clock to Output Times                                         ;
+-----------+------------+-------+-------+------------+-----------------+
; Data Port ; Clock Port ; Rise  ; Fall  ; Clock Edge ; Clock Reference ;
+-----------+------------+-------+-------+------------+-----------------+
; E[*]      ; clock      ; 4.448 ; 4.451 ; Rise       ; clock           ;
;  E[0]     ; clock      ; 4.721 ; 4.866 ; Rise       ; clock           ;
;  E[1]     ; clock      ; 4.635 ; 4.451 ; Rise       ; clock           ;
;  E[2]     ; clock      ; 4.902 ; 4.808 ; Rise       ; clock           ;
;  E[3]     ; clock      ; 4.448 ; 4.634 ; Rise       ; clock           ;
;  E[4]     ; clock      ; 4.703 ; 4.806 ; Rise       ; clock           ;
; R[*]      ; clock      ; 4.626 ; 4.496 ; Rise       ; clock           ;
;  R[0]     ; clock      ; 4.743 ; 4.577 ; Rise       ; clock           ;
;  R[1]     ; clock      ; 4.626 ; 4.496 ; Rise       ; clock           ;
; SEL[*]    ; clock      ; 4.625 ; 4.766 ; Rise       ; clock           ;
;  SEL[0]   ; clock      ; 4.955 ; 4.766 ; Rise       ; clock           ;
;  SEL[1]   ; clock      ; 4.625 ; 4.805 ; Rise       ; clock           ;
+-----------+------------+-------+-------+------------+-----------------+


----------------------------------------------
; Fast 1100mV 85C Model Metastability Report ;
----------------------------------------------
No synchronizer chains to report.


+------------------------------------+
; Fast 1100mV 0C Model Setup Summary ;
+--------+--------+------------------+
; Clock  ; Slack  ; End Point TNS    ;
+--------+--------+------------------+
; BTN[0] ; -0.666 ; -3.658           ;
; clock  ; 0.400  ; 0.000            ;
+--------+--------+------------------+


+-----------------------------------+
; Fast 1100mV 0C Model Hold Summary ;
+--------+--------+-----------------+
; Clock  ; Slack  ; End Point TNS   ;
+--------+--------+-----------------+
; BTN[0] ; -0.523 ; -3.018          ;
; clock  ; -0.377 ; -1.658          ;
+--------+--------+-----------------+


+---------------------------------------+
; Fast 1100mV 0C Model Recovery Summary ;
+-------+--------+----------------------+
; Clock ; Slack  ; End Point TNS        ;
+-------+--------+----------------------+
; clock ; -0.093 ; -0.557               ;
+-------+--------+----------------------+


+--------------------------------------+
; Fast 1100mV 0C Model Removal Summary ;
+-------+--------+---------------------+
; Clock ; Slack  ; End Point TNS       ;
+-------+--------+---------------------+
; clock ; -0.431 ; -2.581              ;
+-------+--------+---------------------+


+--------------------------------------------------+
; Fast 1100mV 0C Model Minimum Pulse Width Summary ;
+--------+--------+--------------------------------+
; Clock  ; Slack  ; End Point TNS                  ;
+--------+--------+--------------------------------+
; clock  ; -0.083 ; -0.496                         ;
; BTN[0] ; -0.040 ; -0.227                         ;
+--------+--------+--------------------------------+


+-----------------------------------------------------------------------+
; Setup Times                                                           ;
+-----------+------------+-------+-------+------------+-----------------+
; Data Port ; Clock Port ; Rise  ; Fall  ; Clock Edge ; Clock Reference ;
+-----------+------------+-------+-------+------------+-----------------+
; BTN[*]    ; BTN[0]     ; 0.820 ; 1.337 ; Rise       ; BTN[0]          ;
;  BTN[0]   ; BTN[0]     ; 0.546 ; 1.086 ; Rise       ; BTN[0]          ;
;  BTN[1]   ; BTN[0]     ; 0.820 ; 1.337 ; Rise       ; BTN[0]          ;
;  BTN[2]   ; BTN[0]     ; 0.646 ; 1.180 ; Rise       ; BTN[0]          ;
; end_game  ; BTN[0]     ; 0.951 ; 1.445 ; Rise       ; BTN[0]          ;
; end_round ; BTN[0]     ; 0.730 ; 1.237 ; Rise       ; BTN[0]          ;
; end_time  ; BTN[0]     ; 0.704 ; 1.237 ; Rise       ; BTN[0]          ;
; sw_error  ; BTN[0]     ; 0.924 ; 1.441 ; Rise       ; BTN[0]          ;
+-----------+------------+-------+-------+------------+-----------------+


+------------------------------------------------------------------------+
; Hold Times                                                             ;
+-----------+------------+-------+--------+------------+-----------------+
; Data Port ; Clock Port ; Rise  ; Fall   ; Clock Edge ; Clock Reference ;
+-----------+------------+-------+--------+------------+-----------------+
; BTN[*]    ; BTN[0]     ; 0.523 ; 0.008  ; Rise       ; BTN[0]          ;
;  BTN[0]   ; BTN[0]     ; 0.523 ; 0.008  ; Rise       ; BTN[0]          ;
;  BTN[1]   ; BTN[0]     ; 0.303 ; -0.236 ; Rise       ; BTN[0]          ;
;  BTN[2]   ; BTN[0]     ; 0.446 ; -0.075 ; Rise       ; BTN[0]          ;
; end_game  ; BTN[0]     ; 0.503 ; 0.028  ; Rise       ; BTN[0]          ;
; end_round ; BTN[0]     ; 0.496 ; 0.001  ; Rise       ; BTN[0]          ;
; end_time  ; BTN[0]     ; 0.419 ; -0.097 ; Rise       ; BTN[0]          ;
; sw_error  ; BTN[0]     ; 0.467 ; -0.052 ; Rise       ; BTN[0]          ;
+-----------+------------+-------+--------+------------+-----------------+


+-----------------------------------------------------------------------+
; Clock to Output Times                                                 ;
+-----------+------------+-------+-------+------------+-----------------+
; Data Port ; Clock Port ; Rise  ; Fall  ; Clock Edge ; Clock Reference ;
+-----------+------------+-------+-------+------------+-----------------+
; E[*]      ; clock      ; 5.523 ; 5.634 ; Rise       ; clock           ;
;  E[0]     ; clock      ; 5.467 ; 5.634 ; Rise       ; clock           ;
;  E[1]     ; clock      ; 4.573 ; 4.415 ; Rise       ; clock           ;
;  E[2]     ; clock      ; 5.523 ; 5.437 ; Rise       ; clock           ;
;  E[3]     ; clock      ; 4.398 ; 4.588 ; Rise       ; clock           ;
;  E[4]     ; clock      ; 5.289 ; 5.451 ; Rise       ; clock           ;
; R[*]      ; clock      ; 5.226 ; 5.107 ; Rise       ; clock           ;
;  R[0]     ; clock      ; 5.226 ; 5.107 ; Rise       ; clock           ;
;  R[1]     ; clock      ; 5.090 ; 5.009 ; Rise       ; clock           ;
; SEL[*]    ; clock      ; 5.567 ; 5.407 ; Rise       ; clock           ;
;  SEL[0]   ; clock      ; 5.567 ; 5.407 ; Rise       ; clock           ;
;  SEL[1]   ; clock      ; 5.152 ; 5.297 ; Rise       ; clock           ;
+-----------+------------+-------+-------+------------+-----------------+


+-----------------------------------------------------------------------+
; Minimum Clock to Output Times                                         ;
+-----------+------------+-------+-------+------------+-----------------+
; Data Port ; Clock Port ; Rise  ; Fall  ; Clock Edge ; Clock Reference ;
+-----------+------------+-------+-------+------------+-----------------+
; E[*]      ; clock      ; 4.202 ; 4.200 ; Rise       ; clock           ;
;  E[0]     ; clock      ; 4.500 ; 4.594 ; Rise       ; clock           ;
;  E[1]     ; clock      ; 4.357 ; 4.200 ; Rise       ; clock           ;
;  E[2]     ; clock      ; 4.622 ; 4.563 ; Rise       ; clock           ;
;  E[3]     ; clock      ; 4.202 ; 4.356 ; Rise       ; clock           ;
;  E[4]     ; clock      ; 4.467 ; 4.538 ; Rise       ; clock           ;
; R[*]      ; clock      ; 4.362 ; 4.286 ; Rise       ; clock           ;
;  R[0]     ; clock      ; 4.478 ; 4.371 ; Rise       ; clock           ;
;  R[1]     ; clock      ; 4.362 ; 4.286 ; Rise       ; clock           ;
; SEL[*]    ; clock      ; 4.409 ; 4.504 ; Rise       ; clock           ;
;  SEL[0]   ; clock      ; 4.663 ; 4.504 ; Rise       ; clock           ;
;  SEL[1]   ; clock      ; 4.409 ; 4.534 ; Rise       ; clock           ;
+-----------+------------+-------+-------+------------+-----------------+


---------------------------------------------
; Fast 1100mV 0C Model Metastability Report ;
---------------------------------------------
No synchronizer chains to report.


+--------------------------------------------------------------------------------+
; Multicorner Timing Analysis Summary                                            ;
+------------------+---------+--------+----------+---------+---------------------+
; Clock            ; Setup   ; Hold   ; Recovery ; Removal ; Minimum Pulse Width ;
+------------------+---------+--------+----------+---------+---------------------+
; Worst-case Slack ; -1.787  ; -1.113 ; -0.139   ; -0.762  ; -0.394              ;
;  BTN[0]          ; -1.787  ; -1.113 ; N/A      ; N/A     ; -0.043              ;
;  clock           ; -0.200  ; -0.617 ; -0.139   ; -0.762  ; -0.394              ;
; Design-wide TNS  ; -10.65  ; -9.007 ; -0.833   ; -4.547  ; -3.326              ;
;  BTN[0]          ; -10.461 ; -6.298 ; N/A      ; N/A     ; -0.227              ;
;  clock           ; -0.373  ; -2.709 ; -0.833   ; -4.547  ; -3.326              ;
+------------------+---------+--------+----------+---------+---------------------+


+-----------------------------------------------------------------------+
; Setup Times                                                           ;
+-----------+------------+-------+-------+------------+-----------------+
; Data Port ; Clock Port ; Rise  ; Fall  ; Clock Edge ; Clock Reference ;
+-----------+------------+-------+-------+------------+-----------------+
; BTN[*]    ; BTN[0]     ; 1.560 ; 1.870 ; Rise       ; BTN[0]          ;
;  BTN[0]   ; BTN[0]     ; 1.095 ; 1.383 ; Rise       ; BTN[0]          ;
;  BTN[1]   ; BTN[0]     ; 1.560 ; 1.870 ; Rise       ; BTN[0]          ;
;  BTN[2]   ; BTN[0]     ; 1.343 ; 1.701 ; Rise       ; BTN[0]          ;
; end_game  ; BTN[0]     ; 1.946 ; 2.220 ; Rise       ; BTN[0]          ;
; end_round ; BTN[0]     ; 1.517 ; 1.831 ; Rise       ; BTN[0]          ;
; end_time  ; BTN[0]     ; 1.364 ; 1.717 ; Rise       ; BTN[0]          ;
; sw_error  ; BTN[0]     ; 1.851 ; 2.202 ; Rise       ; BTN[0]          ;
+-----------+------------+-------+-------+------------+-----------------+


+-----------------------------------------------------------------------+
; Hold Times                                                            ;
+-----------+------------+-------+-------+------------+-----------------+
; Data Port ; Clock Port ; Rise  ; Fall  ; Clock Edge ; Clock Reference ;
+-----------+------------+-------+-------+------------+-----------------+
; BTN[*]    ; BTN[0]     ; 1.113 ; 0.872 ; Rise       ; BTN[0]          ;
;  BTN[0]   ; BTN[0]     ; 1.113 ; 0.872 ; Rise       ; BTN[0]          ;
;  BTN[1]   ; BTN[0]     ; 0.738 ; 0.407 ; Rise       ; BTN[0]          ;
;  BTN[2]   ; BTN[0]     ; 0.889 ; 0.625 ; Rise       ; BTN[0]          ;
; end_game  ; BTN[0]     ; 1.041 ; 0.777 ; Rise       ; BTN[0]          ;
; end_round ; BTN[0]     ; 0.994 ; 0.705 ; Rise       ; BTN[0]          ;
; end_time  ; BTN[0]     ; 0.914 ; 0.608 ; Rise       ; BTN[0]          ;
; sw_error  ; BTN[0]     ; 1.026 ; 0.706 ; Rise       ; BTN[0]          ;
+-----------+------------+-------+-------+------------+-----------------+


+------------------------------------------------------------------------+
; Clock to Output Times                                                  ;
+-----------+------------+-------+--------+------------+-----------------+
; Data Port ; Clock Port ; Rise  ; Fall   ; Clock Edge ; Clock Reference ;
+-----------+------------+-------+--------+------------+-----------------+
; E[*]      ; clock      ; 9.958 ; 10.129 ; Rise       ; clock           ;
;  E[0]     ; clock      ; 9.947 ; 10.129 ; Rise       ; clock           ;
;  E[1]     ; clock      ; 8.150 ; 7.911  ; Rise       ; clock           ;
;  E[2]     ; clock      ; 9.958 ; 9.921  ; Rise       ; clock           ;
;  E[3]     ; clock      ; 7.909 ; 8.118  ; Rise       ; clock           ;
;  E[4]     ; clock      ; 9.574 ; 9.797  ; Rise       ; clock           ;
; R[*]      ; clock      ; 9.305 ; 9.169  ; Rise       ; clock           ;
;  R[0]     ; clock      ; 9.305 ; 9.169  ; Rise       ; clock           ;
;  R[1]     ; clock      ; 9.077 ; 8.990  ; Rise       ; clock           ;
; SEL[*]    ; clock      ; 9.993 ; 9.838  ; Rise       ; clock           ;
;  SEL[0]   ; clock      ; 9.993 ; 9.838  ; Rise       ; clock           ;
;  SEL[1]   ; clock      ; 9.264 ; 9.427  ; Rise       ; clock           ;
+-----------+------------+-------+--------+------------+-----------------+


+-----------------------------------------------------------------------+
; Minimum Clock to Output Times                                         ;
+-----------+------------+-------+-------+------------+-----------------+
; Data Port ; Clock Port ; Rise  ; Fall  ; Clock Edge ; Clock Reference ;
+-----------+------------+-------+-------+------------+-----------------+
; E[*]      ; clock      ; 4.202 ; 4.200 ; Rise       ; clock           ;
;  E[0]     ; clock      ; 4.500 ; 4.594 ; Rise       ; clock           ;
;  E[1]     ; clock      ; 4.357 ; 4.200 ; Rise       ; clock           ;
;  E[2]     ; clock      ; 4.622 ; 4.563 ; Rise       ; clock           ;
;  E[3]     ; clock      ; 4.202 ; 4.356 ; Rise       ; clock           ;
;  E[4]     ; clock      ; 4.467 ; 4.538 ; Rise       ; clock           ;
; R[*]      ; clock      ; 4.362 ; 4.286 ; Rise       ; clock           ;
;  R[0]     ; clock      ; 4.478 ; 4.371 ; Rise       ; clock           ;
;  R[1]     ; clock      ; 4.362 ; 4.286 ; Rise       ; clock           ;
; SEL[*]    ; clock      ; 4.409 ; 4.504 ; Rise       ; clock           ;
;  SEL[0]   ; clock      ; 4.663 ; 4.504 ; Rise       ; clock           ;
;  SEL[1]   ; clock      ; 4.409 ; 4.534 ; Rise       ; clock           ;
+-----------+------------+-------+-------+------------+-----------------+


+-----------------------------------------------------------------------------------------------------------------------------------------------------------------------------------------------------------------------------------------------------------------------------------------------------------------------------------------------------------------------------------------------------------+
; Board Trace Model Assignments                                                                                                                                                                                                                                                                                                                                                                             ;
+--------+--------------+-------------------+-------------------------+-------------------------+---------------+---------------------+----------------+------------------+--------+------------------+------------------------+------------------------+--------------+---------------+-----------------+-------+---------------------+--------------------+---------------+-----------------+-------------+
; Pin    ; I/O Standard ; Near Tline Length ; Near Tline L per Length ; Near Tline C per Length ; Near Series R ; Near Differential R ; Near Pull-up R ; Near Pull-down R ; Near C ; Far Tline Length ; Far Tline L per Length ; Far Tline C per Length ; Far Series R ; Far Pull-up R ; Far Pull-down R ; Far C ; Termination Voltage ; Far Differential R ; EBD File Name ; EBD Signal Name ; EBD Far-end ;
+--------+--------------+-------------------+-------------------------+-------------------------+---------------+---------------------+----------------+------------------+--------+------------------+------------------------+------------------------+--------------+---------------+-----------------+-------+---------------------+--------------------+---------------+-----------------+-------------+
; R[0]   ; 2.5 V        ; 0 in              ; 0 H/in                  ; 0 F/in                  ; short         ; -                   ; open           ; open             ; open   ; 0 in             ; 0 H/in                 ; 0 F/in                 ; short        ; open          ; open            ; open  ; 0 V                 ; -                  ; n/a           ; n/a             ; n/a         ;
; R[1]   ; 2.5 V        ; 0 in              ; 0 H/in                  ; 0 F/in                  ; short         ; -                   ; open           ; open             ; open   ; 0 in             ; 0 H/in                 ; 0 F/in                 ; short        ; open          ; open            ; open  ; 0 V                 ; -                  ; n/a           ; n/a             ; n/a         ;
; SEL[0] ; 2.5 V        ; 0 in              ; 0 H/in                  ; 0 F/in                  ; short         ; -                   ; open           ; open             ; open   ; 0 in             ; 0 H/in                 ; 0 F/in                 ; short        ; open          ; open            ; open  ; 0 V                 ; -                  ; n/a           ; n/a             ; n/a         ;
; SEL[1] ; 2.5 V        ; 0 in              ; 0 H/in                  ; 0 F/in                  ; short         ; -                   ; open           ; open             ; open   ; 0 in             ; 0 H/in                 ; 0 F/in                 ; short        ; open          ; open            ; open  ; 0 V                 ; -                  ; n/a           ; n/a             ; n/a         ;
; E[0]   ; 2.5 V        ; 0 in              ; 0 H/in                  ; 0 F/in                  ; short         ; -                   ; open           ; open             ; open   ; 0 in             ; 0 H/in                 ; 0 F/in                 ; short        ; open          ; open            ; open  ; 0 V                 ; -                  ; n/a           ; n/a             ; n/a         ;
; E[1]   ; 2.5 V        ; 0 in              ; 0 H/in                  ; 0 F/in                  ; short         ; -                   ; open           ; open             ; open   ; 0 in             ; 0 H/in                 ; 0 F/in                 ; short        ; open          ; open            ; open  ; 0 V                 ; -                  ; n/a           ; n/a             ; n/a         ;
; E[2]   ; 2.5 V        ; 0 in              ; 0 H/in                  ; 0 F/in                  ; short         ; -                   ; open           ; open             ; open   ; 0 in             ; 0 H/in                 ; 0 F/in                 ; short        ; open          ; open            ; open  ; 0 V                 ; -                  ; n/a           ; n/a             ; n/a         ;
; E[3]   ; 2.5 V        ; 0 in              ; 0 H/in                  ; 0 F/in                  ; short         ; -                   ; open           ; open             ; open   ; 0 in             ; 0 H/in                 ; 0 F/in                 ; short        ; open          ; open            ; open  ; 0 V                 ; -                  ; n/a           ; n/a             ; n/a         ;
; E[4]   ; 2.5 V        ; 0 in              ; 0 H/in                  ; 0 F/in                  ; short         ; -                   ; open           ; open             ; open   ; 0 in             ; 0 H/in                 ; 0 F/in                 ; short        ; open          ; open            ; open  ; 0 V                 ; -                  ; n/a           ; n/a             ; n/a         ;
+--------+--------------+-------------------+-------------------------+-------------------------+---------------+---------------------+----------------+------------------+--------+------------------+------------------------+------------------------+--------------+---------------+-----------------+-------+---------------------+--------------------+---------------+-----------------+-------------+


+--------------------------------------------------------------+
; Input Transition Times                                       ;
+-----------+--------------+-----------------+-----------------+
; Pin       ; I/O Standard ; 10-90 Rise Time ; 90-10 Fall Time ;
+-----------+--------------+-----------------+-----------------+
; win0      ; 2.5 V        ; 2000 ps         ; 2000 ps         ;
; win1      ; 2.5 V        ; 2000 ps         ; 2000 ps         ;
; clock     ; 2.5 V        ; 2000 ps         ; 2000 ps         ;
; BTN[0]    ; 2.5 V        ; 2000 ps         ; 2000 ps         ;
; BTN[1]    ; 2.5 V        ; 2000 ps         ; 2000 ps         ;
; end_game  ; 2.5 V        ; 2000 ps         ; 2000 ps         ;
; end_round ; 2.5 V        ; 2000 ps         ; 2000 ps         ;
; sw_error  ; 2.5 V        ; 2000 ps         ; 2000 ps         ;
; end_time  ; 2.5 V        ; 2000 ps         ; 2000 ps         ;
; BTN[2]    ; 2.5 V        ; 2000 ps         ; 2000 ps         ;
+-----------+--------------+-----------------+-----------------+


+-------------------------------------------------------------------------------------------------------------------------------------------------------------------------------------------------------------------------------------------------------------------------------------------------------------------------------------------------------------------------------------------------------------------------------------------------------------------------------------------------------------------------------------------------------------------------------------------------------------------------------------------------------------------------------------+
; Signal Integrity Metrics (Slow 1100mv 0c Model)                                                                                                                                                                                                                                                                                                                                                                                                                                                                                                                                                                                                                                     ;
+--------+--------------+---------------------+---------------------+------------------------------+------------------------------+---------------------+---------------------+--------------------------------------+--------------------------------------+-----------------------------+-----------------------------+----------------------------+----------------------------+-----------------------------+-----------------------------+--------------------+--------------------+-------------------------------------+-------------------------------------+----------------------------+----------------------------+---------------------------+---------------------------+
; Pin    ; I/O Standard ; Board Delay on Rise ; Board Delay on Fall ; Steady State Voh at FPGA Pin ; Steady State Vol at FPGA Pin ; Voh Max at FPGA Pin ; Vol Min at FPGA Pin ; Ringback Voltage on Rise at FPGA Pin ; Ringback Voltage on Fall at FPGA Pin ; 10-90 Rise Time at FPGA Pin ; 90-10 Fall Time at FPGA Pin ; Monotonic Rise at FPGA Pin ; Monotonic Fall at FPGA Pin ; Steady State Voh at Far-end ; Steady State Vol at Far-end ; Voh Max at Far-end ; Vol Min at Far-end ; Ringback Voltage on Rise at Far-end ; Ringback Voltage on Fall at Far-end ; 10-90 Rise Time at Far-end ; 90-10 Fall Time at Far-end ; Monotonic Rise at Far-end ; Monotonic Fall at Far-end ;
+--------+--------------+---------------------+---------------------+------------------------------+------------------------------+---------------------+---------------------+--------------------------------------+--------------------------------------+-----------------------------+-----------------------------+----------------------------+----------------------------+-----------------------------+-----------------------------+--------------------+--------------------+-------------------------------------+-------------------------------------+----------------------------+----------------------------+---------------------------+---------------------------+
; R[0]   ; 2.5 V        ; 0 s                 ; 0 s                 ; 2.32 V                       ; 3.52e-07 V                   ; 2.42 V              ; -0.0568 V           ; 0.173 V                              ; 0.113 V                              ; 4.5e-10 s                   ; 4.35e-10 s                  ; No                         ; No                         ; 2.32 V                      ; 3.52e-07 V                  ; 2.42 V             ; -0.0568 V          ; 0.173 V                             ; 0.113 V                             ; 4.5e-10 s                  ; 4.35e-10 s                 ; No                        ; No                        ;
; R[1]   ; 2.5 V        ; 0 s                 ; 0 s                 ; 2.32 V                       ; 3.52e-07 V                   ; 2.42 V              ; -0.0557 V           ; 0.175 V                              ; 0.114 V                              ; 4.5e-10 s                   ; 4.35e-10 s                  ; No                         ; No                         ; 2.32 V                      ; 3.52e-07 V                  ; 2.42 V             ; -0.0557 V          ; 0.175 V                             ; 0.114 V                             ; 4.5e-10 s                  ; 4.35e-10 s                 ; No                        ; No                        ;
; SEL[0] ; 2.5 V        ; 0 s                 ; 0 s                 ; 2.32 V                       ; 3.6e-07 V                    ; 2.41 V              ; -0.0463 V           ; 0.201 V                              ; 0.131 V                              ; 4.61e-10 s                  ; 4.53e-10 s                  ; No                         ; Yes                        ; 2.32 V                      ; 3.6e-07 V                   ; 2.41 V             ; -0.0463 V          ; 0.201 V                             ; 0.131 V                             ; 4.61e-10 s                 ; 4.53e-10 s                 ; No                        ; Yes                       ;
; SEL[1] ; 2.5 V        ; 0 s                 ; 0 s                 ; 2.32 V                       ; 3.52e-07 V                   ; 2.42 V              ; -0.0568 V           ; 0.173 V                              ; 0.113 V                              ; 4.5e-10 s                   ; 4.35e-10 s                  ; No                         ; No                         ; 2.32 V                      ; 3.52e-07 V                  ; 2.42 V             ; -0.0568 V          ; 0.173 V                             ; 0.113 V                             ; 4.5e-10 s                  ; 4.35e-10 s                 ; No                        ; No                        ;
; E[0]   ; 2.5 V        ; 0 s                 ; 0 s                 ; 2.32 V                       ; 3.52e-07 V                   ; 2.42 V              ; -0.0568 V           ; 0.173 V                              ; 0.113 V                              ; 4.5e-10 s                   ; 4.35e-10 s                  ; No                         ; No                         ; 2.32 V                      ; 3.52e-07 V                  ; 2.42 V             ; -0.0568 V          ; 0.173 V                             ; 0.113 V                             ; 4.5e-10 s                  ; 4.35e-10 s                 ; No                        ; No                        ;
; E[1]   ; 2.5 V        ; 0 s                 ; 0 s                 ; 2.32 V                       ; 3.6e-07 V                    ; 2.41 V              ; -0.0463 V           ; 0.201 V                              ; 0.131 V                              ; 4.61e-10 s                  ; 4.53e-10 s                  ; No                         ; Yes                        ; 2.32 V                      ; 3.6e-07 V                   ; 2.41 V             ; -0.0463 V          ; 0.201 V                             ; 0.131 V                             ; 4.61e-10 s                 ; 4.53e-10 s                 ; No                        ; Yes                       ;
; E[2]   ; 2.5 V        ; 0 s                 ; 0 s                 ; 2.32 V                       ; 3.52e-07 V                   ; 2.42 V              ; -0.0557 V           ; 0.175 V                              ; 0.114 V                              ; 4.5e-10 s                   ; 4.35e-10 s                  ; No                         ; No                         ; 2.32 V                      ; 3.52e-07 V                  ; 2.42 V             ; -0.0557 V          ; 0.175 V                             ; 0.114 V                             ; 4.5e-10 s                  ; 4.35e-10 s                 ; No                        ; No                        ;
; E[3]   ; 2.5 V        ; 0 s                 ; 0 s                 ; 2.32 V                       ; 3.07e-07 V                   ; 2.36 V              ; -0.0231 V           ; 0.14 V                               ; 0.089 V                              ; 4.52e-10 s                  ; 4.35e-10 s                  ; No                         ; Yes                        ; 2.32 V                      ; 3.07e-07 V                  ; 2.36 V             ; -0.0231 V          ; 0.14 V                              ; 0.089 V                             ; 4.52e-10 s                 ; 4.35e-10 s                 ; No                        ; Yes                       ;
; E[4]   ; 2.5 V        ; 0 s                 ; 0 s                 ; 2.32 V                       ; 3.07e-07 V                   ; 2.36 V              ; -0.0231 V           ; 0.14 V                               ; 0.089 V                              ; 4.52e-10 s                  ; 4.35e-10 s                  ; No                         ; Yes                        ; 2.32 V                      ; 3.07e-07 V                  ; 2.36 V             ; -0.0231 V          ; 0.14 V                              ; 0.089 V                             ; 4.52e-10 s                 ; 4.35e-10 s                 ; No                        ; Yes                       ;
+--------+--------------+---------------------+---------------------+------------------------------+------------------------------+---------------------+---------------------+--------------------------------------+--------------------------------------+-----------------------------+-----------------------------+----------------------------+----------------------------+-----------------------------+-----------------------------+--------------------+--------------------+-------------------------------------+-------------------------------------+----------------------------+----------------------------+---------------------------+---------------------------+


+-------------------------------------------------------------------------------------------------------------------------------------------------------------------------------------------------------------------------------------------------------------------------------------------------------------------------------------------------------------------------------------------------------------------------------------------------------------------------------------------------------------------------------------------------------------------------------------------------------------------------------------------------------------------------------------+
; Signal Integrity Metrics (Slow 1100mv 85c Model)                                                                                                                                                                                                                                                                                                                                                                                                                                                                                                                                                                                                                                    ;
+--------+--------------+---------------------+---------------------+------------------------------+------------------------------+---------------------+---------------------+--------------------------------------+--------------------------------------+-----------------------------+-----------------------------+----------------------------+----------------------------+-----------------------------+-----------------------------+--------------------+--------------------+-------------------------------------+-------------------------------------+----------------------------+----------------------------+---------------------------+---------------------------+
; Pin    ; I/O Standard ; Board Delay on Rise ; Board Delay on Fall ; Steady State Voh at FPGA Pin ; Steady State Vol at FPGA Pin ; Voh Max at FPGA Pin ; Vol Min at FPGA Pin ; Ringback Voltage on Rise at FPGA Pin ; Ringback Voltage on Fall at FPGA Pin ; 10-90 Rise Time at FPGA Pin ; 90-10 Fall Time at FPGA Pin ; Monotonic Rise at FPGA Pin ; Monotonic Fall at FPGA Pin ; Steady State Voh at Far-end ; Steady State Vol at Far-end ; Voh Max at Far-end ; Vol Min at Far-end ; Ringback Voltage on Rise at Far-end ; Ringback Voltage on Fall at Far-end ; 10-90 Rise Time at Far-end ; 90-10 Fall Time at Far-end ; Monotonic Rise at Far-end ; Monotonic Fall at Far-end ;
+--------+--------------+---------------------+---------------------+------------------------------+------------------------------+---------------------+---------------------+--------------------------------------+--------------------------------------+-----------------------------+-----------------------------+----------------------------+----------------------------+-----------------------------+-----------------------------+--------------------+--------------------+-------------------------------------+-------------------------------------+----------------------------+----------------------------+---------------------------+---------------------------+
; R[0]   ; 2.5 V        ; 0 s                 ; 0 s                 ; 2.32 V                       ; 3.88e-05 V                   ; 2.39 V              ; -0.0374 V           ; 0.189 V                              ; 0.158 V                              ; 4.66e-10 s                  ; 4.67e-10 s                  ; No                         ; Yes                        ; 2.32 V                      ; 3.88e-05 V                  ; 2.39 V             ; -0.0374 V          ; 0.189 V                             ; 0.158 V                             ; 4.66e-10 s                 ; 4.67e-10 s                 ; No                        ; Yes                       ;
; R[1]   ; 2.5 V        ; 0 s                 ; 0 s                 ; 2.32 V                       ; 3.88e-05 V                   ; 2.39 V              ; -0.037 V            ; 0.188 V                              ; 0.158 V                              ; 4.67e-10 s                  ; 4.67e-10 s                  ; No                         ; Yes                        ; 2.32 V                      ; 3.88e-05 V                  ; 2.39 V             ; -0.037 V           ; 0.188 V                             ; 0.158 V                             ; 4.67e-10 s                 ; 4.67e-10 s                 ; No                        ; Yes                       ;
; SEL[0] ; 2.5 V        ; 0 s                 ; 0 s                 ; 2.32 V                       ; 3.96e-05 V                   ; 2.38 V              ; -0.0306 V           ; 0.23 V                               ; 0.206 V                              ; 4.83e-10 s                  ; 5.01e-10 s                  ; No                         ; Yes                        ; 2.32 V                      ; 3.96e-05 V                  ; 2.38 V             ; -0.0306 V          ; 0.23 V                              ; 0.206 V                             ; 4.83e-10 s                 ; 5.01e-10 s                 ; No                        ; Yes                       ;
; SEL[1] ; 2.5 V        ; 0 s                 ; 0 s                 ; 2.32 V                       ; 3.88e-05 V                   ; 2.39 V              ; -0.0374 V           ; 0.189 V                              ; 0.158 V                              ; 4.66e-10 s                  ; 4.67e-10 s                  ; No                         ; Yes                        ; 2.32 V                      ; 3.88e-05 V                  ; 2.39 V             ; -0.0374 V          ; 0.189 V                             ; 0.158 V                             ; 4.66e-10 s                 ; 4.67e-10 s                 ; No                        ; Yes                       ;
; E[0]   ; 2.5 V        ; 0 s                 ; 0 s                 ; 2.32 V                       ; 3.88e-05 V                   ; 2.39 V              ; -0.0374 V           ; 0.189 V                              ; 0.158 V                              ; 4.66e-10 s                  ; 4.67e-10 s                  ; No                         ; Yes                        ; 2.32 V                      ; 3.88e-05 V                  ; 2.39 V             ; -0.0374 V          ; 0.189 V                             ; 0.158 V                             ; 4.66e-10 s                 ; 4.67e-10 s                 ; No                        ; Yes                       ;
; E[1]   ; 2.5 V        ; 0 s                 ; 0 s                 ; 2.32 V                       ; 3.96e-05 V                   ; 2.38 V              ; -0.0306 V           ; 0.23 V                               ; 0.206 V                              ; 4.83e-10 s                  ; 5.01e-10 s                  ; No                         ; Yes                        ; 2.32 V                      ; 3.96e-05 V                  ; 2.38 V             ; -0.0306 V          ; 0.23 V                              ; 0.206 V                             ; 4.83e-10 s                 ; 5.01e-10 s                 ; No                        ; Yes                       ;
; E[2]   ; 2.5 V        ; 0 s                 ; 0 s                 ; 2.32 V                       ; 3.88e-05 V                   ; 2.39 V              ; -0.037 V            ; 0.188 V                              ; 0.158 V                              ; 4.67e-10 s                  ; 4.67e-10 s                  ; No                         ; Yes                        ; 2.32 V                      ; 3.88e-05 V                  ; 2.39 V             ; -0.037 V           ; 0.188 V                             ; 0.158 V                             ; 4.67e-10 s                 ; 4.67e-10 s                 ; No                        ; Yes                       ;
; E[3]   ; 2.5 V        ; 0 s                 ; 0 s                 ; 2.32 V                       ; 3.49e-05 V                   ; 2.34 V              ; -0.0118 V           ; 0.182 V                              ; 0.051 V                              ; 4.81e-10 s                  ; 4.83e-10 s                  ; Yes                        ; Yes                        ; 2.32 V                      ; 3.49e-05 V                  ; 2.34 V             ; -0.0118 V          ; 0.182 V                             ; 0.051 V                             ; 4.81e-10 s                 ; 4.83e-10 s                 ; Yes                       ; Yes                       ;
; E[4]   ; 2.5 V        ; 0 s                 ; 0 s                 ; 2.32 V                       ; 3.49e-05 V                   ; 2.34 V              ; -0.0118 V           ; 0.182 V                              ; 0.051 V                              ; 4.81e-10 s                  ; 4.83e-10 s                  ; Yes                        ; Yes                        ; 2.32 V                      ; 3.49e-05 V                  ; 2.34 V             ; -0.0118 V          ; 0.182 V                             ; 0.051 V                             ; 4.81e-10 s                 ; 4.83e-10 s                 ; Yes                       ; Yes                       ;
+--------+--------------+---------------------+---------------------+------------------------------+------------------------------+---------------------+---------------------+--------------------------------------+--------------------------------------+-----------------------------+-----------------------------+----------------------------+----------------------------+-----------------------------+-----------------------------+--------------------+--------------------+-------------------------------------+-------------------------------------+----------------------------+----------------------------+---------------------------+---------------------------+


+-------------------------------------------------------------------------------------------------------------------------------------------------------------------------------------------------------------------------------------------------------------------------------------------------------------------------------------------------------------------------------------------------------------------------------------------------------------------------------------------------------------------------------------------------------------------------------------------------------------------------------------------------------------------------------------+
; Signal Integrity Metrics (Fast 1100mv 0c Model)                                                                                                                                                                                                                                                                                                                                                                                                                                                                                                                                                                                                                                     ;
+--------+--------------+---------------------+---------------------+------------------------------+------------------------------+---------------------+---------------------+--------------------------------------+--------------------------------------+-----------------------------+-----------------------------+----------------------------+----------------------------+-----------------------------+-----------------------------+--------------------+--------------------+-------------------------------------+-------------------------------------+----------------------------+----------------------------+---------------------------+---------------------------+
; Pin    ; I/O Standard ; Board Delay on Rise ; Board Delay on Fall ; Steady State Voh at FPGA Pin ; Steady State Vol at FPGA Pin ; Voh Max at FPGA Pin ; Vol Min at FPGA Pin ; Ringback Voltage on Rise at FPGA Pin ; Ringback Voltage on Fall at FPGA Pin ; 10-90 Rise Time at FPGA Pin ; 90-10 Fall Time at FPGA Pin ; Monotonic Rise at FPGA Pin ; Monotonic Fall at FPGA Pin ; Steady State Voh at Far-end ; Steady State Vol at Far-end ; Voh Max at Far-end ; Vol Min at Far-end ; Ringback Voltage on Rise at Far-end ; Ringback Voltage on Fall at Far-end ; 10-90 Rise Time at Far-end ; 90-10 Fall Time at Far-end ; Monotonic Rise at Far-end ; Monotonic Fall at Far-end ;
+--------+--------------+---------------------+---------------------+------------------------------+------------------------------+---------------------+---------------------+--------------------------------------+--------------------------------------+-----------------------------+-----------------------------+----------------------------+----------------------------+-----------------------------+-----------------------------+--------------------+--------------------+-------------------------------------+-------------------------------------+----------------------------+----------------------------+---------------------------+---------------------------+
; R[0]   ; 2.5 V        ; 0 s                 ; 0 s                 ; 2.75 V                       ; 4.14e-06 V                   ; 2.91 V              ; -0.119 V            ; 0.326 V                              ; 0.298 V                              ; 2.74e-10 s                  ; 2.8e-10 s                   ; No                         ; No                         ; 2.75 V                      ; 4.14e-06 V                  ; 2.91 V             ; -0.119 V           ; 0.326 V                             ; 0.298 V                             ; 2.74e-10 s                 ; 2.8e-10 s                  ; No                        ; No                        ;
; R[1]   ; 2.5 V        ; 0 s                 ; 0 s                 ; 2.75 V                       ; 4.14e-06 V                   ; 2.91 V              ; -0.121 V            ; 0.326 V                              ; 0.297 V                              ; 2.74e-10 s                  ; 2.8e-10 s                   ; No                         ; No                         ; 2.75 V                      ; 4.14e-06 V                  ; 2.91 V             ; -0.121 V           ; 0.326 V                             ; 0.297 V                             ; 2.74e-10 s                 ; 2.8e-10 s                  ; No                        ; No                        ;
; SEL[0] ; 2.5 V        ; 0 s                 ; 0 s                 ; 2.75 V                       ; 4.25e-06 V                   ; 2.9 V               ; -0.107 V            ; 0.378 V                              ; 0.16 V                               ; 2.87e-10 s                  ; 4.28e-10 s                  ; No                         ; No                         ; 2.75 V                      ; 4.25e-06 V                  ; 2.9 V              ; -0.107 V           ; 0.378 V                             ; 0.16 V                              ; 2.87e-10 s                 ; 4.28e-10 s                 ; No                        ; No                        ;
; SEL[1] ; 2.5 V        ; 0 s                 ; 0 s                 ; 2.75 V                       ; 4.14e-06 V                   ; 2.91 V              ; -0.119 V            ; 0.326 V                              ; 0.298 V                              ; 2.74e-10 s                  ; 2.8e-10 s                   ; No                         ; No                         ; 2.75 V                      ; 4.14e-06 V                  ; 2.91 V             ; -0.119 V           ; 0.326 V                             ; 0.298 V                             ; 2.74e-10 s                 ; 2.8e-10 s                  ; No                        ; No                        ;
; E[0]   ; 2.5 V        ; 0 s                 ; 0 s                 ; 2.75 V                       ; 4.14e-06 V                   ; 2.91 V              ; -0.119 V            ; 0.326 V                              ; 0.298 V                              ; 2.74e-10 s                  ; 2.8e-10 s                   ; No                         ; No                         ; 2.75 V                      ; 4.14e-06 V                  ; 2.91 V             ; -0.119 V           ; 0.326 V                             ; 0.298 V                             ; 2.74e-10 s                 ; 2.8e-10 s                  ; No                        ; No                        ;
; E[1]   ; 2.5 V        ; 0 s                 ; 0 s                 ; 2.75 V                       ; 4.25e-06 V                   ; 2.9 V               ; -0.107 V            ; 0.378 V                              ; 0.16 V                               ; 2.87e-10 s                  ; 4.28e-10 s                  ; No                         ; No                         ; 2.75 V                      ; 4.25e-06 V                  ; 2.9 V              ; -0.107 V           ; 0.378 V                             ; 0.16 V                              ; 2.87e-10 s                 ; 4.28e-10 s                 ; No                        ; No                        ;
; E[2]   ; 2.5 V        ; 0 s                 ; 0 s                 ; 2.75 V                       ; 4.14e-06 V                   ; 2.91 V              ; -0.121 V            ; 0.326 V                              ; 0.297 V                              ; 2.74e-10 s                  ; 2.8e-10 s                   ; No                         ; No                         ; 2.75 V                      ; 4.14e-06 V                  ; 2.91 V             ; -0.121 V           ; 0.326 V                             ; 0.297 V                             ; 2.74e-10 s                 ; 2.8e-10 s                  ; No                        ; No                        ;
; E[3]   ; 2.5 V        ; 0 s                 ; 0 s                 ; 2.75 V                       ; 3.54e-06 V                   ; 2.81 V              ; -0.0578 V           ; 0.303 V                              ; 0.28 V                               ; 2.93e-10 s                  ; 3.01e-10 s                  ; No                         ; No                         ; 2.75 V                      ; 3.54e-06 V                  ; 2.81 V             ; -0.0578 V          ; 0.303 V                             ; 0.28 V                              ; 2.93e-10 s                 ; 3.01e-10 s                 ; No                        ; No                        ;
; E[4]   ; 2.5 V        ; 0 s                 ; 0 s                 ; 2.75 V                       ; 3.54e-06 V                   ; 2.81 V              ; -0.0578 V           ; 0.303 V                              ; 0.28 V                               ; 2.93e-10 s                  ; 3.01e-10 s                  ; No                         ; No                         ; 2.75 V                      ; 3.54e-06 V                  ; 2.81 V             ; -0.0578 V          ; 0.303 V                             ; 0.28 V                              ; 2.93e-10 s                 ; 3.01e-10 s                 ; No                        ; No                        ;
+--------+--------------+---------------------+---------------------+------------------------------+------------------------------+---------------------+---------------------+--------------------------------------+--------------------------------------+-----------------------------+-----------------------------+----------------------------+----------------------------+-----------------------------+-----------------------------+--------------------+--------------------+-------------------------------------+-------------------------------------+----------------------------+----------------------------+---------------------------+---------------------------+


+-------------------------------------------------------------------------------------------------------------------------------------------------------------------------------------------------------------------------------------------------------------------------------------------------------------------------------------------------------------------------------------------------------------------------------------------------------------------------------------------------------------------------------------------------------------------------------------------------------------------------------------------------------------------------------------+
; Signal Integrity Metrics (Fast 1100mv 85c Model)                                                                                                                                                                                                                                                                                                                                                                                                                                                                                                                                                                                                                                    ;
+--------+--------------+---------------------+---------------------+------------------------------+------------------------------+---------------------+---------------------+--------------------------------------+--------------------------------------+-----------------------------+-----------------------------+----------------------------+----------------------------+-----------------------------+-----------------------------+--------------------+--------------------+-------------------------------------+-------------------------------------+----------------------------+----------------------------+---------------------------+---------------------------+
; Pin    ; I/O Standard ; Board Delay on Rise ; Board Delay on Fall ; Steady State Voh at FPGA Pin ; Steady State Vol at FPGA Pin ; Voh Max at FPGA Pin ; Vol Min at FPGA Pin ; Ringback Voltage on Rise at FPGA Pin ; Ringback Voltage on Fall at FPGA Pin ; 10-90 Rise Time at FPGA Pin ; 90-10 Fall Time at FPGA Pin ; Monotonic Rise at FPGA Pin ; Monotonic Fall at FPGA Pin ; Steady State Voh at Far-end ; Steady State Vol at Far-end ; Voh Max at Far-end ; Vol Min at Far-end ; Ringback Voltage on Rise at Far-end ; Ringback Voltage on Fall at Far-end ; 10-90 Rise Time at Far-end ; 90-10 Fall Time at Far-end ; Monotonic Rise at Far-end ; Monotonic Fall at Far-end ;
+--------+--------------+---------------------+---------------------+------------------------------+------------------------------+---------------------+---------------------+--------------------------------------+--------------------------------------+-----------------------------+-----------------------------+----------------------------+----------------------------+-----------------------------+-----------------------------+--------------------+--------------------+-------------------------------------+-------------------------------------+----------------------------+----------------------------+---------------------------+---------------------------+
; R[0]   ; 2.5 V        ; 0 s                 ; 0 s                 ; 2.75 V                       ; 0.000242 V                   ; 2.86 V              ; -0.0805 V           ; 0.358 V                              ; 0.156 V                              ; 3.01e-10 s                  ; 4.34e-10 s                  ; No                         ; No                         ; 2.75 V                      ; 0.000242 V                  ; 2.86 V             ; -0.0805 V          ; 0.358 V                             ; 0.156 V                             ; 3.01e-10 s                 ; 4.34e-10 s                 ; No                        ; No                        ;
; R[1]   ; 2.5 V        ; 0 s                 ; 0 s                 ; 2.75 V                       ; 0.000242 V                   ; 2.86 V              ; -0.0814 V           ; 0.36 V                               ; 0.156 V                              ; 3e-10 s                     ; 4.34e-10 s                  ; No                         ; No                         ; 2.75 V                      ; 0.000242 V                  ; 2.86 V             ; -0.0814 V          ; 0.36 V                              ; 0.156 V                             ; 3e-10 s                    ; 4.34e-10 s                 ; No                        ; No                        ;
; SEL[0] ; 2.5 V        ; 0 s                 ; 0 s                 ; 2.75 V                       ; 0.000247 V                   ; 2.85 V              ; -0.0711 V           ; 0.204 V                              ; 0.181 V                              ; 4.55e-10 s                  ; 4.49e-10 s                  ; No                         ; No                         ; 2.75 V                      ; 0.000247 V                  ; 2.85 V             ; -0.0711 V          ; 0.204 V                             ; 0.181 V                             ; 4.55e-10 s                 ; 4.49e-10 s                 ; No                        ; No                        ;
; SEL[1] ; 2.5 V        ; 0 s                 ; 0 s                 ; 2.75 V                       ; 0.000242 V                   ; 2.86 V              ; -0.0805 V           ; 0.358 V                              ; 0.156 V                              ; 3.01e-10 s                  ; 4.34e-10 s                  ; No                         ; No                         ; 2.75 V                      ; 0.000242 V                  ; 2.86 V             ; -0.0805 V          ; 0.358 V                             ; 0.156 V                             ; 3.01e-10 s                 ; 4.34e-10 s                 ; No                        ; No                        ;
; E[0]   ; 2.5 V        ; 0 s                 ; 0 s                 ; 2.75 V                       ; 0.000242 V                   ; 2.86 V              ; -0.0805 V           ; 0.358 V                              ; 0.156 V                              ; 3.01e-10 s                  ; 4.34e-10 s                  ; No                         ; No                         ; 2.75 V                      ; 0.000242 V                  ; 2.86 V             ; -0.0805 V          ; 0.358 V                             ; 0.156 V                             ; 3.01e-10 s                 ; 4.34e-10 s                 ; No                        ; No                        ;
; E[1]   ; 2.5 V        ; 0 s                 ; 0 s                 ; 2.75 V                       ; 0.000247 V                   ; 2.85 V              ; -0.0711 V           ; 0.204 V                              ; 0.181 V                              ; 4.55e-10 s                  ; 4.49e-10 s                  ; No                         ; No                         ; 2.75 V                      ; 0.000247 V                  ; 2.85 V             ; -0.0711 V          ; 0.204 V                             ; 0.181 V                             ; 4.55e-10 s                 ; 4.49e-10 s                 ; No                        ; No                        ;
; E[2]   ; 2.5 V        ; 0 s                 ; 0 s                 ; 2.75 V                       ; 0.000242 V                   ; 2.86 V              ; -0.0814 V           ; 0.36 V                               ; 0.156 V                              ; 3e-10 s                     ; 4.34e-10 s                  ; No                         ; No                         ; 2.75 V                      ; 0.000242 V                  ; 2.86 V             ; -0.0814 V          ; 0.36 V                              ; 0.156 V                             ; 3e-10 s                    ; 4.34e-10 s                 ; No                        ; No                        ;
; E[3]   ; 2.5 V        ; 0 s                 ; 0 s                 ; 2.75 V                       ; 0.000213 V                   ; 2.79 V              ; -0.0324 V           ; 0.139 V                              ; 0.119 V                              ; 4.42e-10 s                  ; 4.33e-10 s                  ; No                         ; Yes                        ; 2.75 V                      ; 0.000213 V                  ; 2.79 V             ; -0.0324 V          ; 0.139 V                             ; 0.119 V                             ; 4.42e-10 s                 ; 4.33e-10 s                 ; No                        ; Yes                       ;
; E[4]   ; 2.5 V        ; 0 s                 ; 0 s                 ; 2.75 V                       ; 0.000213 V                   ; 2.79 V              ; -0.0324 V           ; 0.139 V                              ; 0.119 V                              ; 4.42e-10 s                  ; 4.33e-10 s                  ; No                         ; Yes                        ; 2.75 V                      ; 0.000213 V                  ; 2.79 V             ; -0.0324 V          ; 0.139 V                             ; 0.119 V                             ; 4.42e-10 s                 ; 4.33e-10 s                 ; No                        ; Yes                       ;
+--------+--------------+---------------------+---------------------+------------------------------+------------------------------+---------------------+---------------------+--------------------------------------+--------------------------------------+-----------------------------+-----------------------------+----------------------------+----------------------------+-----------------------------+-----------------------------+--------------------+--------------------+-------------------------------------+-------------------------------------+----------------------------+----------------------------+---------------------------+---------------------------+


+-------------------------------------------------------------------+
; Setup Transfers                                                   ;
+------------+----------+----------+----------+----------+----------+
; From Clock ; To Clock ; RR Paths ; FR Paths ; RF Paths ; FF Paths ;
+------------+----------+----------+----------+----------+----------+
; BTN[0]     ; BTN[0]   ; 6        ; 6        ; 0        ; 0        ;
; clock      ; BTN[0]   ; 12       ; 0        ; 0        ; 0        ;
; BTN[0]     ; clock    ; 6        ; 0        ; 0        ; 0        ;
+------------+----------+----------+----------+----------+----------+
Entries labeled "false path" only account for clock-to-clock false paths and not path-based false paths. As a result, actual path counts may be lower than reported.


+-------------------------------------------------------------------+
; Hold Transfers                                                    ;
+------------+----------+----------+----------+----------+----------+
; From Clock ; To Clock ; RR Paths ; FR Paths ; RF Paths ; FF Paths ;
+------------+----------+----------+----------+----------+----------+
; BTN[0]     ; BTN[0]   ; 6        ; 6        ; 0        ; 0        ;
; clock      ; BTN[0]   ; 12       ; 0        ; 0        ; 0        ;
; BTN[0]     ; clock    ; 6        ; 0        ; 0        ; 0        ;
+------------+----------+----------+----------+----------+----------+
Entries labeled "false path" only account for clock-to-clock false paths and not path-based false paths. As a result, actual path counts may be lower than reported.


+-------------------------------------------------------------------+
; Recovery Transfers                                                ;
+------------+----------+----------+----------+----------+----------+
; From Clock ; To Clock ; RR Paths ; FR Paths ; RF Paths ; FF Paths ;
+------------+----------+----------+----------+----------+----------+
; BTN[0]     ; clock    ; 6        ; 6        ; 0        ; 0        ;
+------------+----------+----------+----------+----------+----------+
Entries labeled "false path" only account for clock-to-clock false paths and not path-based false paths. As a result, actual path counts may be lower than reported.


+-------------------------------------------------------------------+
; Removal Transfers                                                 ;
+------------+----------+----------+----------+----------+----------+
; From Clock ; To Clock ; RR Paths ; FR Paths ; RF Paths ; FF Paths ;
+------------+----------+----------+----------+----------+----------+
; BTN[0]     ; clock    ; 6        ; 6        ; 0        ; 0        ;
+------------+----------+----------+----------+----------+----------+
Entries labeled "false path" only account for clock-to-clock false paths and not path-based false paths. As a result, actual path counts may be lower than reported.


---------------
; Report TCCS ;
---------------
No dedicated SERDES Transmitter circuitry present in device or used in design


---------------
; Report RSKM ;
---------------
No dedicated SERDES Receiver circuitry present in device or used in design


+------------------------------------------------+
; Unconstrained Paths                            ;
+---------------------------------+-------+------+
; Property                        ; Setup ; Hold ;
+---------------------------------+-------+------+
; Illegal Clocks                  ; 0     ; 0    ;
; Unconstrained Clocks            ; 0     ; 0    ;
; Unconstrained Input Ports       ; 6     ; 6    ;
; Unconstrained Input Port Paths  ; 14    ; 14   ;
; Unconstrained Output Ports      ; 9     ; 9    ;
; Unconstrained Output Port Paths ; 17    ; 17   ;
+---------------------------------+-------+------+


+------------------------------------+
; TimeQuest Timing Analyzer Messages ;
+------------------------------------+
Info: *******************************************************************
Info: Running Quartus II 64-Bit TimeQuest Timing Analyzer
    Info: Version 13.0.1 Build 232 06/12/2013 Service Pack 1 SJ Web Edition
    Info: Processing started: Sat Nov 10 18:15:19 2018
Info: Command: quartus_sta final_project_EEL5105 -c final_project_EEL5105
Info: qsta_default_script.tcl version: #1
Warning (20028): Parallel compilation is not licensed and has been disabled
Info (21077): Low junction temperature is 0 degrees C
Info (21077): High junction temperature is 85 degrees C
Warning (335093): TimeQuest Timing Analyzer is analyzing 6 combinational loops as latches.
Critical Warning (332012): Synopsys Design Constraints File file not found: 'final_project_EEL5105.sdc'. A Synopsys Design Constraints File is required by the TimeQuest Timing Analyzer to get proper timing constraints. Without it, the Compiler will not properly optimize the design.
Info (332142): No user constrained base clocks found in the design. Calling "derive_clocks -period 1.0"
Info (332105): Deriving Clocks
    Info (332105): create_clock -period 1.000 -name clock clock
    Info (332105): create_clock -period 1.000 -name BTN[0] BTN[0]
Info (332143): No user constrained clock uncertainty found in the design. Calling "derive_clock_uncertainty"
Info (332123): Deriving Clock Uncertainty. Please refer to report_sdc in TimeQuest to see clock uncertainties.
Info: Found TIMEQUEST_REPORT_SCRIPT_INCLUDE_DEFAULT_ANALYSIS = ON
Info: Analyzing Slow 1100mV 85C Model
Critical Warning (332148): Timing requirements not met
    Info (11105): For recommendations on closing timing, run Report Timing Closure Recommendations in the TimeQuest Timing Analyzer.
Info (332146): Worst-case setup slack is -1.709
    Info (332119):     Slack End Point TNS Clock 
    Info (332119): ========= ============= =====================
    Info (332119):    -1.709        -9.863 BTN[0] 
    Info (332119):    -0.200        -0.373 clock 
Info (332146): Worst-case hold slack is -1.071
    Info (332119):     Slack End Point TNS Clock 
    Info (332119): ========= ============= =====================
    Info (332119):    -1.071        -6.141 BTN[0] 
    Info (332119):    -0.544        -2.159 clock 
Info (332146): Worst-case recovery slack is 0.011
    Info (332119):     Slack End Point TNS Clock 
    Info (332119): ========= ============= =====================
    Info (332119):     0.011         0.000 clock 
Info (332146): Worst-case removal slack is -0.639
    Info (332119):     Slack End Point TNS Clock 
    Info (332119): ========= ============= =====================
    Info (332119):    -0.639        -3.814 clock 
Info (332146): Worst-case minimum pulse width slack is -0.394
    Info (332119):     Slack End Point TNS Clock 
    Info (332119): ========= ============= =====================
    Info (332119):    -0.394        -3.072 clock 
    Info (332119):     0.179         0.000 BTN[0] 
Info: Analyzing Slow 1100mV 0C Model
Info (334003): Started post-fitting delay annotation
Warning (334000): Timing characteristics of device 5CSEMA5F31C6 are preliminary
Info (334004): Delay annotation completed successfully
Info (332123): Deriving Clock Uncertainty. Please refer to report_sdc in TimeQuest to see clock uncertainties.
Critical Warning (332148): Timing requirements not met
    Info (11105): For recommendations on closing timing, run Report Timing Closure Recommendations in the TimeQuest Timing Analyzer.
Info (332146): Worst-case setup slack is -1.787
    Info (332119):     Slack End Point TNS Clock 
    Info (332119): ========= ============= =====================
    Info (332119):    -1.787       -10.461 BTN[0] 
    Info (332119):    -0.113        -0.189 clock 
Info (332146): Worst-case hold slack is -1.113
    Info (332119):     Slack End Point TNS Clock 
    Info (332119): ========= ============= =====================
    Info (332119):    -1.113        -6.298 BTN[0] 
    Info (332119):    -0.617        -2.709 clock 
Info (332146): Worst-case recovery slack is 0.175
    Info (332119):     Slack End Point TNS Clock 
    Info (332119): ========= ============= =====================
    Info (332119):     0.175         0.000 clock 
Info (332146): Worst-case removal slack is -0.762
    Info (332119):     Slack End Point TNS Clock 
    Info (332119): ========= ============= =====================
    Info (332119):    -0.762        -4.547 clock 
Info (332146): Worst-case minimum pulse width slack is -0.394
    Info (332119):     Slack End Point TNS Clock 
    Info (332119): ========= ============= =====================
    Info (332119):    -0.394        -3.326 clock 
    Info (332119):     0.184         0.000 BTN[0] 
Info: Analyzing Fast 1100mV 85C Model
Info (334003): Started post-fitting delay annotation
Warning (334000): Timing characteristics of device 5CSEMA5F31C6 are preliminary
Info (334004): Delay annotation completed successfully
Info (332123): Deriving Clock Uncertainty. Please refer to report_sdc in TimeQuest to see clock uncertainties.
Critical Warning (332148): Timing requirements not met
    Info (11105): For recommendations on closing timing, run Report Timing Closure Recommendations in the TimeQuest Timing Analyzer.
Info (332146): Worst-case setup slack is -0.696
    Info (332119):     Slack End Point TNS Clock 
    Info (332119): ========= ============= =====================
    Info (332119):    -0.696        -3.871 BTN[0] 
    Info (332119):     0.355         0.000 clock 
Info (332146): Worst-case hold slack is -0.550
    Info (332119):     Slack End Point TNS Clock 
    Info (332119): ========= ============= =====================
    Info (332119):    -0.550        -3.125 BTN[0] 
    Info (332119):    -0.373        -1.554 clock 
Info (332146): Worst-case recovery slack is -0.139
    Info (332119):     Slack End Point TNS Clock 
    Info (332119): ========= ============= =====================
    Info (332119):    -0.139        -0.833 clock 
Info (332146): Worst-case removal slack is -0.409
    Info (332119):     Slack End Point TNS Clock 
    Info (332119): ========= ============= =====================
    Info (332119):    -0.409        -2.449 clock 
Info (332146): Worst-case minimum pulse width slack is -0.082
    Info (332119):     Slack End Point TNS Clock 
    Info (332119): ========= ============= =====================
    Info (332119):    -0.082        -0.491 clock 
    Info (332119):    -0.043        -0.099 BTN[0] 
Info: Analyzing Fast 1100mV 0C Model
Info (332123): Deriving Clock Uncertainty. Please refer to report_sdc in TimeQuest to see clock uncertainties.
Critical Warning (332148): Timing requirements not met
    Info (11105): For recommendations on closing timing, run Report Timing Closure Recommendations in the TimeQuest Timing Analyzer.
Info (332146): Worst-case setup slack is -0.666
    Info (332119):     Slack End Point TNS Clock 
    Info (332119): ========= ============= =====================
    Info (332119):    -0.666        -3.658 BTN[0] 
    Info (332119):     0.400         0.000 clock 
Info (332146): Worst-case hold slack is -0.523
    Info (332119):     Slack End Point TNS Clock 
    Info (332119): ========= ============= =====================
    Info (332119):    -0.523        -3.018 BTN[0] 
    Info (332119):    -0.377        -1.658 clock 
Info (332146): Worst-case recovery slack is -0.093
    Info (332119):     Slack End Point TNS Clock 
    Info (332119): ========= ============= =====================
    Info (332119):    -0.093        -0.557 clock 
Info (332146): Worst-case removal slack is -0.431
    Info (332119):     Slack End Point TNS Clock 
    Info (332119): ========= ============= =====================
    Info (332119):    -0.431        -2.581 clock 
Info (332146): Worst-case minimum pulse width slack is -0.083
    Info (332119):     Slack End Point TNS Clock 
    Info (332119): ========= ============= =====================
    Info (332119):    -0.083        -0.496 clock 
    Info (332119):    -0.040        -0.227 BTN[0] 
Info (332102): Design is not fully constrained for setup requirements
Info (332102): Design is not fully constrained for hold requirements
Info: Quartus II 64-Bit TimeQuest Timing Analyzer was successful. 0 errors, 9 warnings
    Info: Peak virtual memory: 1139 megabytes
    Info: Processing ended: Sat Nov 10 18:15:30 2018
    Info: Elapsed time: 00:00:11
    Info: Total CPU time (on all processors): 00:00:11


