Flow report for final_project_EEL5105
Mon Nov 12 17:34:04 2018
Quartus II 64-Bit Version 13.0.1 Build 232 06/12/2013 Service Pack 1 SJ Web Edition


---------------------
; Table of Contents ;
---------------------
  1. Legal Notice
  2. Flow Summary
  3. Flow Settings
  4. Flow Non-Default Global Settings
  5. Flow Elapsed Time
  6. Flow OS Summary
  7. Flow Log
  8. Flow Messages
  9. Flow Suppressed Messages



----------------
; Legal Notice ;
----------------
Copyright (C) 1991-2013 Altera Corporation
Your use of Altera Corporation's design tools, logic functions 
and other software and tools, and its AMPP partner logic 
functions, and any output files from any of the foregoing 
(including device programming or simulation files), and any 
associated documentation or information are expressly subject 
to the terms and conditions of the Altera Program License 
Subscription Agreement, Altera MegaCore Function License 
Agreement, or other applicable license agreement, including, 
without limitation, that your use is for the sole purpose of 
programming logic devices manufactured by Altera and sold by 
Altera or its authorized distributors.  Please refer to the 
applicable agreement for further details.



+---------------------------------------------------------------------------------------+
; Flow Summary                                                                          ;
+-------------------------------------+-------------------------------------------------+
; Flow Status                         ; Successful - Mon Nov 12 17:34:04 2018           ;
; Quartus II 64-Bit Version           ; 13.0.1 Build 232 06/12/2013 SP 1 SJ Web Edition ;
; Revision Name                       ; final_project_EEL5105                           ;
; Top-level Entity Name               ; main                                            ;
; Family                              ; Cyclone V                                       ;
; Device                              ; 5CSEMA5F31C6                                    ;
; Timing Models                       ; Preliminary                                     ;
; Logic utilization (in ALMs)         ; 42 / 32,070 ( < 1 % )                           ;
; Total registers                     ; 46                                              ;
; Total pins                          ; 67 / 457 ( 15 % )                               ;
; Total virtual pins                  ; 0                                               ;
; Total block memory bits             ; 0 / 4,065,280 ( 0 % )                           ;
; Total DSP Blocks                    ; 0 / 87 ( 0 % )                                  ;
; Total HSSI RX PCSs                  ; 0                                               ;
; Total HSSI PMA RX Deserializers     ; 0                                               ;
; Total HSSI PMA RX ATT Deserializers ; 0                                               ;
; Total HSSI TX PCSs                  ; 0                                               ;
; Total HSSI PMA TX Serializers       ; 0                                               ;
; Total HSSI PMA TX ATT Serializers   ; 0                                               ;
; Total PLLs                          ; 0 / 6 ( 0 % )                                   ;
; Total DLLs                          ; 0 / 4 ( 0 % )                                   ;
+-------------------------------------+-------------------------------------------------+


+-------------------------------------------+
; Flow Settings                             ;
+-------------------+-----------------------+
; Option            ; Setting               ;
+-------------------+-----------------------+
; Start date & time ; 11/12/2018 17:32:04   ;
; Main task         ; Compilation           ;
; Revision Name     ; final_project_EEL5105 ;
+-------------------+-----------------------+


+---------------------------------------------------------------------------------------------------------------------+
; Flow Non-Default Global Settings                                                                                    ;
+-------------------------------------+------------------------+-----------------------+-------------+----------------+
; Assignment Name                     ; Value                  ; Default Value         ; Entity Name ; Section Id     ;
+-------------------------------------+------------------------+-----------------------+-------------+----------------+
; COMPILER_SIGNATURE_ID               ; 0.154205112431496      ; --                    ; --          ; --             ;
; EDA_OUTPUT_DATA_FORMAT              ; Vhdl                   ; --                    ; --          ; eda_simulation ;
; EDA_SIMULATION_TOOL                 ; ModelSim-Altera (VHDL) ; <None>                ; --          ; --             ;
; MAX_CORE_JUNCTION_TEMP              ; 85                     ; --                    ; --          ; --             ;
; MIN_CORE_JUNCTION_TEMP              ; 0                      ; --                    ; --          ; --             ;
; PARTITION_COLOR                     ; 16764057               ; --                    ; main        ; Top            ;
; PARTITION_FITTER_PRESERVATION_LEVEL ; PLACEMENT_AND_ROUTING  ; --                    ; main        ; Top            ;
; PARTITION_NETLIST_TYPE              ; SOURCE                 ; --                    ; main        ; Top            ;
; PROJECT_OUTPUT_DIRECTORY            ; output_files           ; --                    ; --          ; --             ;
; TOP_LEVEL_ENTITY                    ; main                   ; final_project_EEL5105 ; --          ; --             ;
+-------------------------------------+------------------------+-----------------------+-------------+----------------+


+-------------------------------------------------------------------------------------------------------------------------------+
; Flow Elapsed Time                                                                                                             ;
+---------------------------+--------------+-------------------------+---------------------+------------------------------------+
; Module Name               ; Elapsed Time ; Average Processors Used ; Peak Virtual Memory ; Total CPU Time (on all processors) ;
+---------------------------+--------------+-------------------------+---------------------+------------------------------------+
; Analysis & Synthesis      ; 00:00:02     ; 1.0                     ; 651 MB              ; 00:00:02                           ;
; Fitter                    ; 00:01:33     ; 1.0                     ; 1830 MB             ; 00:01:33                           ;
; Assembler                 ; 00:00:01     ; 1.0                     ; 577 MB              ; 00:00:01                           ;
; TimeQuest Timing Analyzer ; 00:00:12     ; 1.0                     ; 1152 MB             ; 00:00:12                           ;
; EDA Netlist Writer        ; 00:00:01     ; 1.0                     ; 868 MB              ; 00:00:01                           ;
; Total                     ; 00:01:49     ; --                      ; --                  ; 00:01:49                           ;
+---------------------------+--------------+-------------------------+---------------------+------------------------------------+


+---------------------------------------------------------------------------------------------+
; Flow OS Summary                                                                             ;
+---------------------------+------------------+----------------+------------+----------------+
; Module Name               ; Machine Hostname ; OS Name        ; OS Version ; Processor type ;
+---------------------------+------------------+----------------+------------+----------------+
; Analysis & Synthesis      ; luizaff          ; Ubuntu 16.04.5 ; 16         ; x86_64         ;
; Fitter                    ; luizaff          ; Ubuntu 16.04.5 ; 16         ; x86_64         ;
; Assembler                 ; luizaff          ; Ubuntu 16.04.5 ; 16         ; x86_64         ;
; TimeQuest Timing Analyzer ; luizaff          ; Ubuntu 16.04.5 ; 16         ; x86_64         ;
; EDA Netlist Writer        ; luizaff          ; Ubuntu 16.04.5 ; 16         ; x86_64         ;
+---------------------------+------------------+----------------+------------+----------------+


------------
; Flow Log ;
------------
quartus_map --read_settings_files=on --write_settings_files=off final_project_EEL5105 -c final_project_EEL5105
quartus_fit --read_settings_files=off --write_settings_files=off final_project_EEL5105 -c final_project_EEL5105
quartus_asm --read_settings_files=off --write_settings_files=off final_project_EEL5105 -c final_project_EEL5105
quartus_sta final_project_EEL5105 -c final_project_EEL5105
quartus_eda --read_settings_files=off --write_settings_files=off final_project_EEL5105 -c final_project_EEL5105



